<?xml version="1.0" encoding="UTF-8"?>
<!-- Generated by org.testng.reporters.JUnitReportReporter -->
<testsuite hostname="Sreeja" failures="0" tests="1" name="TestScripts.QaSupplierTest" time="27.193" errors="0" timestamp="2025-03-05T13:29:18 MST" skipped="0">
  <testcase classname="TestScripts.QaSupplierTest" name="editSupplier" time="27.193"/>
</testsuite> <!-- TestScripts.QaSupplierTest -->
