<?xml version="1.0" encoding="UTF-8"?>
<!-- Generated by org.testng.reporters.JUnitReportReporter -->
<testsuite hostname="Sreeja" failures="0" tests="1" name="TestScripts.QaLegandUsersTest" time="14.218" errors="0" timestamp="2025-03-04T13:00:02 MST" skipped="0">
  <testcase classname="TestScripts.QaLegandUsersTest" name="createSalesAgent" time="14.218"/>
</testsuite> <!-- TestScripts.QaLegandUsersTest -->
