<?xml version="1.0" encoding="UTF-8"?>
<!-- Generated by org.testng.reporters.JUnitReportReporter -->
<testsuite hostname="Sreeja" failures="0" tests="1" name="TestScripts.QaLegandUsersTest" time="23.267" errors="0" timestamp="2025-03-05T13:02:00 MST" skipped="0">
  <testcase classname="TestScripts.QaLegandUsersTest" name="deleteRoles" time="23.267"/>
</testsuite> <!-- TestScripts.QaLegandUsersTest -->
